[debug] [2017-06-25T03:37:02.093Z] ----------------------------------------------------------------------
[debug] [2017-06-25T03:37:02.097Z] Command:      /usr/local/bin/node /usr/local/bin/firebase deploy
[debug] [2017-06-25T03:37:02.097Z] CLI Version:  3.9.1
[debug] [2017-06-25T03:37:02.097Z] Platform:     linux
[debug] [2017-06-25T03:37:02.097Z] Node Version: v6.2.0
[debug] [2017-06-25T03:37:02.097Z] Time:         Sat Jun 24 2017 23:37:02 GMT-0400 (EDT)
[debug] [2017-06-25T03:37:02.097Z] ----------------------------------------------------------------------
[debug] 
[debug] [2017-06-25T03:37:02.113Z] > command requires scopes: ["email","openid","https://www.googleapis.com/auth/cloudplatformprojects.readonly","https://www.googleapis.com/auth/firebase","https://www.googleapis.com/auth/cloud-platform"]
[debug] [2017-06-25T03:37:02.113Z] > authorizing via signed-in user
[debug] [2017-06-25T03:37:02.116Z] >>> HTTP REQUEST GET https://admin.firebase.com/v1/projects/hyper-neutrino  
 Sat Jun 24 2017 23:37:02 GMT-0400 (EDT)
[debug] [2017-06-25T03:37:12.600Z] <<< HTTP RESPONSE 200
[debug] [2017-06-25T03:37:12.602Z] >>> HTTP REQUEST GET https://admin.firebase.com/v1/database/hyper-neutrino/tokens  
 Sat Jun 24 2017 23:37:12 GMT-0400 (EDT)
[debug] [2017-06-25T03:37:13.171Z] <<< HTTP RESPONSE 200
[info] 
[info] === Deploying to 'hyper-neutrino'...
[info] 
[info] i  deploying database, hosting
[info] ✔  database: rules ready to deploy.
[info] i  hosting: preparing public directory for upload...
[debug] [2017-06-25T03:37:13.811Z] >>> HTTP REQUEST PUT https://deploy.firebase.com/v1/hosting/hyper-neutrino/uploads/-KnSJmaPTmue2xXUsJd1?fileCount=5&message=  
 Sat Jun 24 2017 23:37:13 GMT-0400 (EDT)
[debug] [2017-06-25T03:37:20.489Z] <<< HTTP RESPONSE 200
[debug] [2017-06-25T03:37:20.489Z] [hosting] .tgz uploaded successfully, waiting for extraction
[info] ✔  hosting: 5 files uploaded successfully
[info] i  starting release process (may take several minutes)...
[debug] [2017-06-25T03:37:25.021Z] >>> HTTP REQUEST POST https://deploy.firebase.com/v1/projects/hyper-neutrino/releases { database: { rulesString: '{\n  "rules": {\n    ".read": "true",\n    ".write": "auth != null && auth.uid == \'ex3r96m8k7aw5vF5RoEtXncSPLW2\'"\n  }\n}\n' },
  hosting: 
   { public: 'public',
     version: '-KnSJmaPTmue2xXUsJd1',
     prefix: '-KnSJmaPTmue2xXUsJd1/',
     manifest: [] } } 
 Sat Jun 24 2017 23:37:25 GMT-0400 (EDT)
[debug] [2017-06-25T03:39:47.839Z] Error: connect ETIMEDOUT 23.251.151.130:443
[error] 
[error] Error: Server Error. connect ETIMEDOUT 23.251.151.130:443
